<?xml version="1.0" encoding="UTF-8"?>
<!-- Generated by org.testng.reporters.JUnitReportReporter -->
<testsuite hostname="Haridass" failures="0" tests="1" name="basicOfSelenium.RobotClassExample" time="6.313" errors="0" timestamp="2024-12-22T23:04:11 IST" skipped="0">
  <testcase classname="basicOfSelenium.RobotClassExample" name="fbLoginWithRobotClass" time="6.313"/>
</testsuite> <!-- basicOfSelenium.RobotClassExample -->
