<?xml version="1.0" encoding="UTF-8"?>
<!-- Generated by org.testng.reporters.JUnitReportReporter -->
<testsuite hostname="Haridass" failures="0" tests="2" name="testNG_AnnotationsAndAttributes.ParametersInTestNG" time="8.495" errors="0" timestamp="2024-12-28T14:03:09 IST" skipped="0">
  <testcase classname="testNG_AnnotationsAndAttributes.ParametersInTestNG" name="launchBrowser" time="8.487"/>
  <testcase classname="testNG_AnnotationsAndAttributes.ParametersInTestNG" name="methoWithParameter" time="0.008"/>
</testsuite> <!-- testNG_AnnotationsAndAttributes.ParametersInTestNG -->
