<?xml version="1.0" encoding="UTF-8"?>
<!-- Generated by org.testng.reporters.JUnitReportReporter -->
<testsuite hostname="Haridass" failures="0" tests="1" name="testNG.AnnotationsOrderExec" time="0.011" errors="0" timestamp="2024-12-27T10:02:54 IST" skipped="0">
  <testcase classname="testNG.AnnotationsOrderExec" name="method1" time="0.011"/>
</testsuite> <!-- testNG.AnnotationsOrderExec -->
