<?xml version="1.0" encoding="UTF-8"?>
<!-- Generated by org.testng.reporters.JUnitReportReporter -->
<testsuite hostname="Haridass" failures="0" tests="10" name="testNG_AnnotationsAndAttributes.InvocationCountWithThread" time="0.165" errors="0" timestamp="2024-12-28T13:33:08 IST" skipped="0">
  <testcase classname="testNG_AnnotationsAndAttributes.InvocationCountWithThread" name="method1" time="0.006"/>
  <testcase classname="testNG_AnnotationsAndAttributes.InvocationCountWithThread" name="method1" time="0.005"/>
  <testcase classname="testNG_AnnotationsAndAttributes.InvocationCountWithThread" name="method1" time="0.026"/>
  <testcase classname="testNG_AnnotationsAndAttributes.InvocationCountWithThread" name="method1" time="0.027"/>
  <testcase classname="testNG_AnnotationsAndAttributes.InvocationCountWithThread" name="method1" time="0.027"/>
  <testcase classname="testNG_AnnotationsAndAttributes.InvocationCountWithThread" name="method1" time="0.004"/>
  <testcase classname="testNG_AnnotationsAndAttributes.InvocationCountWithThread" name="method1" time="0.027"/>
  <testcase classname="testNG_AnnotationsAndAttributes.InvocationCountWithThread" name="method1" time="0.027"/>
  <testcase classname="testNG_AnnotationsAndAttributes.InvocationCountWithThread" name="method1" time="0.008"/>
  <testcase classname="testNG_AnnotationsAndAttributes.InvocationCountWithThread" name="method1" time="0.008"/>
</testsuite> <!-- testNG_AnnotationsAndAttributes.InvocationCountWithThread -->
