<?xml version="1.0" encoding="UTF-8"?>
<!-- Generated by org.testng.reporters.JUnitReportReporter -->
<testsuite hostname="Haridass" failures="0" tests="1" name="testNG_AnnotationsAndAttributes.SimpleParameter" time="0.017" errors="0" timestamp="2024-12-28T13:51:31 IST" skipped="0">
  <testcase classname="testNG_AnnotationsAndAttributes.SimpleParameter" name="nameTest" time="0.017"/>
</testsuite> <!-- testNG_AnnotationsAndAttributes.SimpleParameter -->
