<?xml version="1.0" encoding="UTF-8"?>
<!-- Generated by org.testng.reporters.JUnitReportReporter -->
<testsuite hostname="Haridass" failures="0" tests="2" name="testNG.EnabledAndAlwaysRun" time="9.631" errors="0" timestamp="2024-12-27T10:43:11 IST" skipped="1">
  <testcase classname="testNG.EnabledAndAlwaysRun" name="youtubesite" time="9.631"/>
  <testcase classname="testNG.EnabledAndAlwaysRun" name="faceBooksite">
    <skipped/>
  </testcase> <!-- faceBooksite -->
</testsuite> <!-- testNG.EnabledAndAlwaysRun -->
