<?xml version="1.0" encoding="UTF-8"?>
<!-- Generated by org.testng.reporters.JUnitReportReporter -->
<testsuite hostname="Haridass" failures="0" tests="3" name="testNG_AnnotationsAndAttributes.InvocationCount" time="14.809" errors="0" timestamp="2024-12-28T13:31:33 IST" skipped="0">
  <testcase classname="testNG_AnnotationsAndAttributes.InvocationCount" name="faceBooksite" time="5.845"/>
  <testcase classname="testNG_AnnotationsAndAttributes.InvocationCount" name="faceBooksite" time="5.521"/>
  <testcase classname="testNG_AnnotationsAndAttributes.InvocationCount" name="faceBooksite" time="3.443"/>
</testsuite> <!-- testNG_AnnotationsAndAttributes.InvocationCount -->
