<?xml version="1.0" encoding="UTF-8"?>
<!-- Generated by org.testng.reporters.JUnitReportReporter -->
<testsuite hostname="Haridass" failures="0" tests="3" name="testNG_AnnotationsAndAttributes.SimpleDataProvider" time="0.016" errors="0" timestamp="2024-12-28T13:41:50 IST" skipped="0">
  <testcase classname="testNG_AnnotationsAndAttributes.SimpleDataProvider" name="testingDataProvider" time="0.012"/>
  <testcase classname="testNG_AnnotationsAndAttributes.SimpleDataProvider" name="testingDataProvider" time="0.003"/>
  <testcase classname="testNG_AnnotationsAndAttributes.SimpleDataProvider" name="testingDataProvider" time="0.001"/>
</testsuite> <!-- testNG_AnnotationsAndAttributes.SimpleDataProvider -->
