<?xml version="1.0" encoding="UTF-8"?>
<!-- Generated by org.testng.reporters.JUnitReportReporter -->
<testsuite hostname="Haridass" failures="0" tests="5" name="testNG.Groups" time="0.032" errors="0" timestamp="2024-12-27T10:51:37 IST" skipped="0">
  <testcase classname="testNG.Groups" name="method2" time="0.003"/>
  <testcase classname="testNG.Groups" name="method1" time="0.023"/>
  <testcase classname="testNG.Groups" name="method3" time="0.003"/>
  <testcase classname="testNG.Groups" name="method5" time="0.002"/>
  <testcase classname="testNG.Groups" name="method4" time="0.001"/>
</testsuite> <!-- testNG.Groups -->
