<?xml version="1.0" encoding="UTF-8"?>
<!-- Generated by org.testng.reporters.JUnitReportReporter -->
<testsuite hostname="Haridass" failures="0" tests="2" name="testNG_AnnotationsAndAttributes.DataProviderTwoURLs" time="9.723" errors="0" timestamp="2024-12-28T13:45:09 IST" skipped="0">
  <testcase classname="testNG_AnnotationsAndAttributes.DataProviderTwoURLs" name="OpenTwoURLsUsingDataProvider" time="4.349"/>
  <testcase classname="testNG_AnnotationsAndAttributes.DataProviderTwoURLs" name="OpenTwoURLsUsingDataProvider" time="5.374"/>
</testsuite> <!-- testNG_AnnotationsAndAttributes.DataProviderTwoURLs -->
