<?xml version="1.0" encoding="UTF-8"?>
<!-- Generated by org.testng.reporters.JUnitReportReporter -->
<testsuite hostname="Haridass" failures="0" tests="2" name="testNG.PriorityAnnotation" time="14.507" errors="0" timestamp="2024-12-27T10:57:19 IST" skipped="0">
  <testcase classname="testNG.PriorityAnnotation" name="faceBooksite" time="6.394"/>
  <testcase classname="testNG.PriorityAnnotation" name="youtubesite" time="8.113"/>
</testsuite> <!-- testNG.PriorityAnnotation -->
